00:53:18.704 [TestNG-tests-1] INFO  testCases.TC001_AccountRegistrationTest - clicked on myAccount link..
00:53:19.163 [TestNG-tests-1] INFO  testCases.TC001_AccountRegistrationTest - clicked on register link..
00:53:19.165 [TestNG-tests-1] INFO  testCases.TC001_AccountRegistrationTest - providing customer details..
00:53:20.133 [TestNG-tests-1] INFO  testCases.TC001_AccountRegistrationTest - Validating expected msg..
00:53:20.157 [TestNG-tests-1] INFO  testCases.TC001_AccountRegistrationTest - *****finished TC001_account registration*****
00:53:22.141 [TestNG-tests-1] INFO  testCases.TCOO2_LoginTest - *****starting TC002_login test*****
00:53:23.313 [TestNG-tests-1] INFO  testCases.TCOO2_LoginTest - *****finished TC002_login test*****
00:55:34.425 [main] INFO  org.testng.internal.Utils - [TestNG] Running:
  C:\Users\amirk\eclipse-workspace\DemoFramework\master.xml

00:55:37.410 [TestNG-tests-1] INFO  testCases.TC001_AccountRegistrationTest - *****starting TC001_account registration*****
00:55:39.131 [TestNG-tests-2] INFO  testCases.TC001_AccountRegistrationTest - *****starting TC001_account registration*****
00:55:40.474 [TestNG-tests-1] INFO  testCases.TC001_AccountRegistrationTest - clicked on myAccount link..
00:55:40.951 [TestNG-tests-1] INFO  testCases.TC001_AccountRegistrationTest - clicked on register link..
00:55:40.952 [TestNG-tests-1] INFO  testCases.TC001_AccountRegistrationTest - providing customer details..
00:55:41.984 [TestNG-tests-1] INFO  testCases.TC001_AccountRegistrationTest - Validating expected msg..
00:55:42.006 [TestNG-tests-1] INFO  testCases.TC001_AccountRegistrationTest - *****finished TC001_account registration*****
00:55:42.216 [TestNG-tests-2] INFO  testCases.TC001_AccountRegistrationTest - clicked on myAccount link..
00:55:42.698 [TestNG-tests-2] INFO  testCases.TC001_AccountRegistrationTest - clicked on register link..
00:55:42.698 [TestNG-tests-2] INFO  testCases.TC001_AccountRegistrationTest - providing customer details..
00:55:44.095 [TestNG-tests-2] INFO  testCases.TC001_AccountRegistrationTest - Validating expected msg..
00:55:44.114 [TestNG-tests-2] INFO  testCases.TC001_AccountRegistrationTest - *****finished TC001_account registration*****
00:55:44.907 [TestNG-tests-1] INFO  testCases.TCOO2_LoginTest - *****starting TC002_login test*****
00:55:46.009 [TestNG-tests-1] INFO  testCases.TCOO2_LoginTest - *****finished TC002_login test*****
00:55:48.687 [TestNG-tests-2] INFO  testCases.TCOO2_LoginTest - *****starting TC002_login test*****
00:55:49.830 [TestNG-tests-2] INFO  testCases.TCOO2_LoginTest - *****finished TC002_login test*****
21:57:36.265 [main] INFO  org.testng.internal.Utils - [TestNG] Running:
  C:\Users\amirk\eclipse-workspace\DemoFramework\master.xml

21:57:53.232 [TestNG-tests-1] INFO  testCases.TC001_AccountRegistrationTest - *****starting TC001_account registration*****
21:57:56.365 [TestNG-tests-1] INFO  testCases.TC001_AccountRegistrationTest - clicked on myAccount link..
21:57:57.236 [TestNG-tests-1] INFO  testCases.TC001_AccountRegistrationTest - clicked on register link..
21:57:57.254 [TestNG-tests-1] INFO  testCases.TC001_AccountRegistrationTest - providing customer details..
21:57:58.725 [TestNG-tests-1] INFO  testCases.TC001_AccountRegistrationTest - Validating expected msg..
21:57:58.774 [TestNG-tests-1] INFO  testCases.TC001_AccountRegistrationTest - *****finished TC001_account registration*****
21:58:02.649 [TestNG-tests-1] INFO  testCases.TCOO2_LoginTest - *****starting TC002_login test*****
21:58:04.468 [TestNG-tests-1] INFO  testCases.TCOO2_LoginTest - *****finished TC002_login test*****
21:59:10.581 [main] INFO  org.testng.internal.Utils - [TestNG] Running:
  C:\Users\amirk\eclipse-workspace\DemoFramework\master.xml

21:59:16.218 [TestNG-tests-1] INFO  testCases.TC003_loginDDT - *****starting TC003_loginDDT test*****
21:59:27.590 [TestNG-tests-1] INFO  testCases.TC003_loginDDT - *****starting TC003_loginDDT test*****
21:59:38.228 [TestNG-tests-1] INFO  testCases.TC003_loginDDT - *****finished TC003_loginDDT test*****
21:59:38.243 [TestNG-tests-1] INFO  testCases.TC003_loginDDT - *****starting TC003_loginDDT test*****
21:59:39.953 [TestNG-tests-1] INFO  testCases.TC003_loginDDT - *****finished TC003_loginDDT test*****
21:59:39.957 [TestNG-tests-1] INFO  testCases.TC003_loginDDT - *****starting TC003_loginDDT test*****
21:59:50.548 [TestNG-tests-1] INFO  testCases.TC003_loginDDT - *****finished TC003_loginDDT test*****
21:59:50.548 [TestNG-tests-1] INFO  testCases.TC003_loginDDT - *****starting TC003_loginDDT test*****
00:15:33.446 [main] INFO  org.testng.internal.Utils - [TestNG] Running:
  C:\Users\amirk\eclipse-workspace\DemoFramework\master.xml

00:15:45.110 [TestNG-tests-1] INFO  testCases.TC003_loginDDT - *****starting TC003_loginDDT test*****
00:15:56.426 [TestNG-tests-1] INFO  testCases.TC003_loginDDT - *****starting TC003_loginDDT test*****
00:16:07.611 [TestNG-tests-1] INFO  testCases.TC003_loginDDT - *****finished TC003_loginDDT test*****
00:16:07.625 [TestNG-tests-1] INFO  testCases.TC003_loginDDT - *****starting TC003_loginDDT test*****
