00:43:21.267 [TestNG-tests-1] INFO  testCases.TC001_AccountRegistrationTest - clicked on myAccount link..
00:43:21.842 [TestNG-tests-1] INFO  testCases.TC001_AccountRegistrationTest - clicked on register link..
00:43:21.845 [TestNG-tests-1] INFO  testCases.TC001_AccountRegistrationTest - providing customer details..
00:43:23.276 [TestNG-tests-1] INFO  testCases.TC001_AccountRegistrationTest - Validating expected msg..
00:43:23.334 [TestNG-tests-1] INFO  testCases.TC001_AccountRegistrationTest - *****finished TC001_account registration*****
00:43:25.929 [TestNG-tests-1] INFO  testCases.TCOO2_LoginTest - *****starting TC002_login test*****
00:43:27.561 [TestNG-tests-1] INFO  testCases.TCOO2_LoginTest - *****finished TC002_login test*****
00:43:31.916 [TestNG-tests-1] INFO  testCases.TC003_loginDDT - *****starting TC003_loginDDT test*****
00:43:43.328 [TestNG-tests-1] INFO  testCases.TC003_loginDDT - *****starting TC003_loginDDT test*****
00:43:54.779 [TestNG-tests-1] INFO  testCases.TC003_loginDDT - *****finished TC003_loginDDT test*****
00:43:54.782 [TestNG-tests-1] INFO  testCases.TC003_loginDDT - *****starting TC003_loginDDT test*****
00:43:56.837 [TestNG-tests-1] INFO  testCases.TC003_loginDDT - *****finished TC003_loginDDT test*****
00:43:56.842 [TestNG-tests-1] INFO  testCases.TC003_loginDDT - *****starting TC003_loginDDT test*****
00:44:07.906 [TestNG-tests-1] INFO  testCases.TC003_loginDDT - *****finished TC003_loginDDT test*****
00:44:07.922 [TestNG-tests-1] INFO  testCases.TC003_loginDDT - *****starting TC003_loginDDT test*****
00:46:22.320 [main] INFO  org.testng.internal.Utils - [TestNG] Running:
  C:\Users\amirk\eclipse-workspace\DemoFramework\master.xml

00:46:26.817 [TestNG-tests-1] INFO  testCases.TC001_AccountRegistrationTest - *****starting TC001_account registration*****
00:46:26.817 [TestNG-tests-2] INFO  testCases.TC001_AccountRegistrationTest - *****starting TC001_account registration*****
00:46:29.968 [TestNG-tests-2] INFO  testCases.TC001_AccountRegistrationTest - clicked on myAccount link..
00:46:30.044 [TestNG-tests-1] INFO  testCases.TC001_AccountRegistrationTest - clicked on myAccount link..
00:46:54.118 [TestNG-tests-1] INFO  testCases.TCOO2_LoginTest - *****starting TC002_login test*****
00:46:55.946 [TestNG-tests-1] INFO  testCases.TCOO2_LoginTest - *****finished TC002_login test*****
00:46:59.636 [TestNG-tests-1] INFO  testCases.TC003_loginDDT - *****starting TC003_loginDDT test*****
00:47:11.040 [TestNG-tests-1] INFO  testCases.TC003_loginDDT - *****starting TC003_loginDDT test*****
00:47:22.228 [TestNG-tests-1] INFO  testCases.TC003_loginDDT - *****finished TC003_loginDDT test*****
00:47:22.231 [TestNG-tests-1] INFO  testCases.TC003_loginDDT - *****starting TC003_loginDDT test*****
00:47:23.882 [TestNG-tests-1] INFO  testCases.TC003_loginDDT - *****finished TC003_loginDDT test*****
00:47:23.885 [TestNG-tests-1] INFO  testCases.TC003_loginDDT - *****starting TC003_loginDDT test*****
00:47:34.506 [TestNG-tests-1] INFO  testCases.TC003_loginDDT - *****finished TC003_loginDDT test*****
00:47:34.510 [TestNG-tests-1] INFO  testCases.TC003_loginDDT - *****starting TC003_loginDDT test*****
00:49:58.268 [TestNG-tests-2] INFO  testCases.TCOO2_LoginTest - *****starting TC002_login test*****
00:50:00.128 [TestNG-tests-2] INFO  testCases.TCOO2_LoginTest - *****finished TC002_login test*****
13:46:54.284 [main] INFO  org.testng.internal.Utils - [TestNG] Running:
  C:\Users\amirk\eclipse-workspace\DemoFramework\master.xml

13:46:54.792 [TestNG-tests-2] INFO  testCases.TC001_AccountRegistrationTest - *****starting TC001_account registration*****
13:47:03.382 [TestNG-tests-1] INFO  testCases.TC001_AccountRegistrationTest - *****starting TC001_account registration*****
13:47:06.514 [TestNG-tests-1] INFO  testCases.TC001_AccountRegistrationTest - clicked on myAccount link..
13:47:07.800 [TestNG-tests-1] INFO  testCases.TC001_AccountRegistrationTest - clicked on register link..
13:47:07.800 [TestNG-tests-1] INFO  testCases.TC001_AccountRegistrationTest - providing customer details..
13:47:09.393 [TestNG-tests-1] INFO  testCases.TC001_AccountRegistrationTest - Validating expected msg..
13:47:09.450 [TestNG-tests-1] INFO  testCases.TC001_AccountRegistrationTest - *****finished TC001_account registration*****
13:47:16.297 [TestNG-tests-1] INFO  testCases.TCOO2_LoginTest - *****starting TC002_login test*****
13:47:17.821 [TestNG-tests-1] INFO  testCases.TCOO2_LoginTest - *****finished TC002_login test*****
13:47:23.889 [TestNG-tests-1] INFO  testCases.TC003_loginDDT - *****starting TC003_loginDDT test*****
13:47:35.029 [TestNG-tests-1] INFO  testCases.TC003_loginDDT - *****starting TC003_loginDDT test*****
13:47:46.219 [TestNG-tests-1] INFO  testCases.TC003_loginDDT - *****finished TC003_loginDDT test*****
13:47:46.222 [TestNG-tests-1] INFO  testCases.TC003_loginDDT - *****starting TC003_loginDDT test*****
13:47:47.840 [TestNG-tests-1] INFO  testCases.TC003_loginDDT - *****finished TC003_loginDDT test*****
13:47:47.843 [TestNG-tests-1] INFO  testCases.TC003_loginDDT - *****starting TC003_loginDDT test*****
